Mono path[0] = 'C:/Users/cafer/Desktop/RimWorld.v1.4.3641/RimWorld.v1.4.3641/RimWorldWin64_Data/Managed'
Mono config path = 'C:/Users/cafer/Desktop/RimWorld.v1.4.3641/RimWorld.v1.4.3641/MonoBleedingEdge/etc'
Initialize engine version: 2019.4.30f1 (e8c891080a1f)
[Subsystems] Discovering subsystems at path C:/Users/cafer/Desktop/RimWorld.v1.4.3641/RimWorld.v1.4.3641/RimWorldWin64_Data/UnitySubsystems
GfxDevice: creating device client; threaded=1
Direct3D:
    Version:  Direct3D 11.0 [level 11.1]
    Renderer: NVIDIA GeForce RTX 2060 SUPER (ID=0x1f06)
    Vendor:   
    VRAM:     8019 MB
    Driver:   31.0.15.2824
Begin MonoManager ReloadAssembly
- Completed reload, in  0.083 seconds
<RI> Initializing input.
<RI> Input initialized.
<RI> Initialized touch support.
UnloadTime: 0.825200 ms
RimWorld 1.4.3641 rev649
Fallback handler could not load library C:/Users/cafer/Desktop/RimWorld.v1.4.3641/RimWorld.v1.4.3641/RimWorldWin64_Data/Mono/data-000001DDF54A5010.dll
Fallback handler could not load library C:/Users/cafer/Desktop/RimWorld.v1.4.3641/RimWorld.v1.4.3641/RimWorldWin64_Data/Mono/data-000001DDF213BCB0.dll
Fallback handler could not load library C:/Users/cafer/Desktop/RimWorld.v1.4.3641/RimWorld.v1.4.3641/RimWorldWin64_Data/Mono/data-000001DDCFDFB030.dll
Fallback handler could not load library C:/Users/cafer/Desktop/RimWorld.v1.4.3641/RimWorld.v1.4.3641/RimWorldWin64_Data/Mono/data-000001DDF5363010.dll
Fallback handler could not load library C:/Users/cafer/Desktop/RimWorld.v1.4.3641/RimWorld.v1.4.3641/RimWorldWin64_Data/Mono/data-000001DDCE772010.dll
Fallback handler could not load library C:/Users/cafer/Desktop/RimWorld.v1.4.3641/RimWorld.v1.4.3641/RimWorldWin64_Data/Mono/data-000001DDF58A13F0.dll
[MadSkills]: settings initialized, multiplier is 0.1, tiered, daily XP threshold is 4000, saturated XP multiplier is 0.2, Great Memory trait is altered.
[MadSkills]: settings initialized, multiplier is 0.1, tiered, daily XP threshold is 4000, saturated XP multiplier is 0.5, Great Memory trait is altered.
[MadSkills]: settings initialized, multiplier is 0.1, tiered, daily XP threshold is 4000, saturated XP multiplier is 0.5, Great Memory trait is altered.
Fallback handler could not load library C:/Users/cafer/Desktop/RimWorld.v1.4.3641/RimWorld.v1.4.3641/RimWorldWin64_Data/Mono/data-000001DDF5D2F3F0.dll
[MadSkills]: changed behavior of Great Memory trait.
Unloading 5 Unused Serialized files (Serialized files now loaded: 3)

Unloading 40 unused Assets to reduce memory usage. Loaded Objects now: 19317.
Total: 163.231200 ms (FindLiveObjects: 1.428600 ms CreateObjectMapping: 1.353300 ms MarkObjects: 160.261800 ms  DeleteObjects: 0.186300 ms)

Unloading 3 Unused Serialized files (Serialized files now loaded: 3)
UnloadTime: 0.328800 ms

Unloading 1 unused Assets to reduce memory usage. Loaded Objects now: 19341.
Total: 159.605700 ms (FindLiveObjects: 0.607900 ms CreateObjectMapping: 0.975000 ms MarkObjects: 157.877800 ms  DeleteObjects: 0.143900 ms)

Loading game from file The League of the Mountains with mods:
  - brrainz.harmony
  - Ludeon.RimWorld
  - Ludeon.RimWorld.Royalty
  - Ludeon.RimWorld.Ideology
  - Ludeon.RimWorld.Biotech
  - sumghai.DefensiveMachineGunTurretPack
  - ratys.madskills
  - sumghai.medpod
  - BerryRagepyre.PrisonerRecreation
Loaded file (Map) is from version 1.4.3523 rev1010, we are running version 1.4.3641 rev649. 
(Filename: C:\buildslave\unity\build\Runtime/Export/Debug/Debug.bindings.h Line: 39)

Could not find think node with key -768989960 
(Filename: C:\buildslave\unity\build\Runtime/Export/Debug/Debug.bindings.h Line: 39)

Could not find think node with key -577805203 
(Filename: C:\buildslave\unity\build\Runtime/Export/Debug/Debug.bindings.h Line: 39)

Could not find think node with key -768989960 
(Filename: C:\buildslave\unity\build\Runtime/Export/Debug/Debug.bindings.h Line: 39)

Could not find think node with key -577805203 
(Filename: C:\buildslave\unity\build\Runtime/Export/Debug/Debug.bindings.h Line: 39)

Could not find think node with key 523713510 
(Filename: C:\buildslave\unity\build\Runtime/Export/Debug/Debug.bindings.h Line: 39)

Could not find think node with key -768989960 
(Filename: C:\buildslave\unity\build\Runtime/Export/Debug/Debug.bindings.h Line: 39)

Could not find think node with key 523713510 
(Filename: C:\buildslave\unity\build\Runtime/Export/Debug/Debug.bindings.h Line: 39)

Could not find think node with key 1641832524 
(Filename: C:\buildslave\unity\build\Runtime/Export/Debug/Debug.bindings.h Line: 39)

Could not find think node with key -577805203 
(Filename: C:\buildslave\unity\build\Runtime/Export/Debug/Debug.bindings.h Line: 39)

Could not find think node with key -768989960 
(Filename: C:\buildslave\unity\build\Runtime/Export/Debug/Debug.bindings.h Line: 39)

Could not find think node with key 1641832524 
(Filename: C:\buildslave\unity\build\Runtime/Export/Debug/Debug.bindings.h Line: 39)

Could not find think node with key -768989960 
(Filename: C:\buildslave\unity\build\Runtime/Export/Debug/Debug.bindings.h Line: 39)

Could not find think node with key -768989960 
(Filename: C:\buildslave\unity\build\Runtime/Export/Debug/Debug.bindings.h Line: 39)

Could not find think node with key 150588248 
(Filename: C:\buildslave\unity\build\Runtime/Export/Debug/Debug.bindings.h Line: 39)

Could not find think node with key -768989960 
(Filename: C:\buildslave\unity\build\Runtime/Export/Debug/Debug.bindings.h Line: 39)

Could not find think node with key 906686948 
(Filename: C:\buildslave\unity\build\Runtime/Export/Debug/Debug.bindings.h Line: 39)

Could not find think node with key 150588248 
(Filename: C:\buildslave\unity\build\Runtime/Export/Debug/Debug.bindings.h Line: 39)

Could not find think node with key 906686948 
(Filename: C:\buildslave\unity\build\Runtime/Export/Debug/Debug.bindings.h Line: 39)

Could not find think node with key 523713510 
(Filename: C:\buildslave\unity\build\Runtime/Export/Debug/Debug.bindings.h Line: 39)

Could not find think node with key -768989960 
(Filename: C:\buildslave\unity\build\Runtime/Export/Debug/Debug.bindings.h Line: 39)

Could not find think node with key -768989960 
(Filename: C:\buildslave\unity\build\Runtime/Export/Debug/Debug.bindings.h Line: 39)

Could not find think node with key -577805203 
(Filename: C:\buildslave\unity\build\Runtime/Export/Debug/Debug.bindings.h Line: 39)

Could not find think node with key -768989960 
(Filename: C:\buildslave\unity\build\Runtime/Export/Debug/Debug.bindings.h Line: 39)

Could not find think node with key -768989960 
(Filename: C:\buildslave\unity\build\Runtime/Export/Debug/Debug.bindings.h Line: 39)

Could not find think node with key 150588248 
(Filename: C:\buildslave\unity\build\Runtime/Export/Debug/Debug.bindings.h Line: 39)

Could not find think node with key 150588248 
(Filename: C:\buildslave\unity\build\Runtime/Export/Debug/Debug.bindings.h Line: 39)

Unloading 0 Unused Serialized files (Serialized files now loaded: 3)

Unloading 0 unused Assets to reduce memory usage. Loaded Objects now: 25015.
Total: 340.701300 ms (FindLiveObjects: 0.879800 ms CreateObjectMapping: 3.139000 ms MarkObjects: 336.640500 ms  DeleteObjects: 0.041700 ms)

